app/build/intermediates/manifest_merge_blame_file/debug/manifest-merger-blame-debug-report.txt
1<?xml version="1.0" encoding="utf-8"?>
2<manifest xmlns:android="http://schemas.android.com/apk/res/android"
3    package="com.asoit.attendance"
4    android:versionCode="1"
5    android:versionName="1.0" >
6
7    <uses-sdk
8        android:minSdkVersion="21"
8-->src\main\AndroidManifest.xml
9        android:targetSdkVersion="29" />
9-->src\main\AndroidManifest.xml
10
11    <application
11-->src\main\AndroidManifest.xml:5:5-26:19
12        android:allowBackup="true"
12-->src\main\AndroidManifest.xml:6:9-35
13        android:appComponentFactory="androidx.core.app.CoreComponentFactory"
13-->[androidx.core:core:1.1.0] AndroidManifest.xml:24:18-86
14        android:debuggable="true"
15        android:icon="@drawable/ic_checklist"
15-->src\main\AndroidManifest.xml:7:9-46
16        android:label="@string/app_name"
16-->src\main\AndroidManifest.xml:8:9-41
17        android:roundIcon="@mipmap/ic_launcher_round"
17-->src\main\AndroidManifest.xml:9:9-54
18        android:supportsRtl="true"
18-->src\main\AndroidManifest.xml:10:9-35
19        android:theme="@style/AppTheme" >
19-->src\main\AndroidManifest.xml:11:9-40
20        <activity
20-->src\main\AndroidManifest.xml:12:9-18:20
21            android:name="com.asoit.attendance.SplaceScreenActivity"
21-->src\main\AndroidManifest.xml:12:19-55
22            android:noHistory="true"
22-->src\main\AndroidManifest.xml:12:91-115
23            android:theme="@style/splaceTheme" >
23-->src\main\AndroidManifest.xml:12:56-90
24            <intent-filter>
24-->src\main\AndroidManifest.xml:13:13-17:29
25                <action android:name="android.intent.action.MAIN" />
25-->src\main\AndroidManifest.xml:14:17-69
25-->src\main\AndroidManifest.xml:14:25-66
26
27                <category android:name="android.intent.category.LAUNCHER" />
27-->src\main\AndroidManifest.xml:16:17-77
27-->src\main\AndroidManifest.xml:16:27-74
28            </intent-filter>
29        </activity>
30        <activity android:name="com.asoit.attendance.MainActivity" >
30-->src\main\AndroidManifest.xml:19:9-21:20
30-->src\main\AndroidManifest.xml:19:19-47
31        </activity>
32
33        <meta-data
33-->src\main\AndroidManifest.xml:23:9-25:57
34            android:name="preloaded_fonts"
34-->src\main\AndroidManifest.xml:24:13-43
35            android:resource="@array/preloaded_fonts" />
35-->src\main\AndroidManifest.xml:25:13-54
36
37        <service
37-->[androidx.room:room-runtime:2.2.3] AndroidManifest.xml:25:9-27:40
38            android:name="androidx.room.MultiInstanceInvalidationService"
38-->[androidx.room:room-runtime:2.2.3] AndroidManifest.xml:26:13-74
39            android:exported="false" />
39-->[androidx.room:room-runtime:2.2.3] AndroidManifest.xml:27:13-37
40
41        <provider
41-->[androidx.lifecycle:lifecycle-process:2.1.0] AndroidManifest.xml:23:9-27:43
42            android:name="androidx.lifecycle.ProcessLifecycleOwnerInitializer"
42-->[androidx.lifecycle:lifecycle-process:2.1.0] AndroidManifest.xml:24:13-79
43            android:authorities="com.asoit.attendance.lifecycle-process"
43-->[androidx.lifecycle:lifecycle-process:2.1.0] AndroidManifest.xml:25:13-69
44            android:exported="false"
44-->[androidx.lifecycle:lifecycle-process:2.1.0] AndroidManifest.xml:26:13-37
45            android:multiprocess="true" />
45-->[androidx.lifecycle:lifecycle-process:2.1.0] AndroidManifest.xml:27:13-40
46    </application>
47
48</manifest>